{
  "RSpec": {
    "coverage": {
      "/Users/annalewis/turing/3module/projects/therapy_track/app/models/medical_report.rb": [
        1,
        1,
        null
      ],
      "/Users/annalewis/turing/3module/projects/therapy_track/app/models/application_record.rb": [
        1,
        1,
        null
      ],
      "/Users/annalewis/turing/3module/projects/therapy_track/app/models/report.rb": [
        1,
        1,
        1,
        null
      ],
      "/Users/annalewis/turing/3module/projects/therapy_track/app/models/user.rb": [
        1,
        1,
        1,
        null,
        1,
        1,
        1,
        1,
        1,
        1,
        1,
        1,
        1,
        null,
        null,
        null
      ],
      "/Users/annalewis/turing/3module/projects/therapy_track/app/controllers/application_controller.rb": [
        1,
        1,
        1,
        null,
        1,
        5,
        null,
        null
      ],
      "/Users/annalewis/turing/3module/projects/therapy_track/app/controllers/home_controller.rb": [
        1,
        1,
        null,
        null
      ],
      "/Users/annalewis/turing/3module/projects/therapy_track/app/controllers/about_controller.rb": [
        1,
        1,
        null,
        null
      ],
      "/Users/annalewis/turing/3module/projects/therapy_track/app/controllers/reports_controller.rb": [
        1,
        1,
        null,
        null,
        1,
        1,
        null,
        null,
        1,
        1,
        1,
        1,
        null,
        null
      ],
      "/Users/annalewis/turing/3module/projects/therapy_track/app/controllers/medical_reports_controller.rb": [
        1,
        1,
        1,
        1,
        null,
        null,
        1,
        1,
        1,
        1,
        null,
        null,
        1,
        1,
        1,
        null,
        null
      ],
      "/Users/annalewis/turing/3module/projects/therapy_track/app/controllers/submission_controller.rb": [
        1,
        1,
        2,
        null,
        null,
        1,
        1,
        1,
        1,
        null,
        null
      ],
      "/Users/annalewis/turing/3module/projects/therapy_track/app/controllers/sessions_controller.rb": [
        1,
        null,
        1,
        1,
        1,
        1,
        null,
        null,
        1,
        0,
        0,
        null,
        null
      ],
      "/Users/annalewis/turing/3module/projects/therapy_track/app/mailers/application_mailer.rb": [
        0,
        0,
        0,
        0
      ],
      "/Users/annalewis/turing/3module/projects/therapy_track/app/models/google_auth.rb": [
        0,
        0,
        0
      ],
      "/Users/annalewis/turing/3module/projects/therapy_track/app/models/medical_data.rb": [
        0,
        0,
        0
      ],
      "/Users/annalewis/turing/3module/projects/therapy_track/app/jobs/application_job.rb": [
        0,
        0
      ],
      "/Users/annalewis/turing/3module/projects/therapy_track/app/controllers/appointments_controller.rb": [
        0,
        0,
        0,
        0,
        0,
        0,
        0,
        0,
        0,
        0,
        0,
        0,
        0,
        0,
        0,
        0,
        0,
        0,
        0,
        0,
        0,
        0,
        0,
        0,
        0,
        0,
        0,
        0,
        0,
        0,
        0,
        0,
        0,
        0,
        0,
        0,
        0,
        0,
        0
      ],
      "/Users/annalewis/turing/3module/projects/therapy_track/app/helpers/application_helper.rb": [
        0,
        0,
        0,
        0,
        0,
        0,
        0,
        0,
        0,
        0,
        0,
        0,
        0,
        0,
        0,
        0,
        0,
        0,
        0
      ],
      "/Users/annalewis/turing/3module/projects/therapy_track/app/services/google_calendar_service.rb": [
        0,
        0,
        0,
        0,
        0,
        0,
        0,
        0,
        0,
        0,
        0,
        0,
        0,
        0,
        0,
        0,
        0,
        0,
        0,
        0,
        0,
        0,
        0,
        0,
        0,
        0,
        0,
        0,
        0,
        0,
        0,
        0,
        0,
        0,
        0,
        0,
        0,
        0,
        0,
        0,
        0,
        0,
        0,
        0,
        0,
        0,
        0,
        0,
        0,
        0,
        0,
        0,
        0,
        0,
        0,
        0,
        0,
        0,
        0,
        0,
        0,
        0,
        0,
        0,
        0,
        0,
        0,
        0,
        0,
        0,
        0,
        0,
        0,
        0,
        0,
        0,
        0,
        0,
        0,
        0,
        0,
        0,
        0
      ],
      "/Users/annalewis/turing/3module/projects/therapy_track/app/channels/application_cable/connection.rb": [
        0,
        0,
        0,
        0
      ],
      "/Users/annalewis/turing/3module/projects/therapy_track/app/channels/application_cable/channel.rb": [
        0,
        0,
        0,
        0
      ]
    },
    "timestamp": 1519878055
  }
}
