{
  "RSpec": {
    "coverage": {
      "/Users/annalewis/turing/3module/projects/therapy_track/app/models/user.rb": [
        1,
        1,
        0,
        0,
        0,
        0,
        0,
        0,
        0,
        null,
        null,
        null
      ],
      "/Users/annalewis/turing/3module/projects/therapy_track/app/mailers/application_mailer.rb": [
        0,
        0,
        0,
        0
      ],
      "/Users/annalewis/turing/3module/projects/therapy_track/app/models/application_record.rb": [
        0,
        0,
        0
      ],
      "/Users/annalewis/turing/3module/projects/therapy_track/app/jobs/application_job.rb": [
        0,
        0
      ],
      "/Users/annalewis/turing/3module/projects/therapy_track/app/controllers/application_controller.rb": [
        0,
        0,
        0,
        null,
        0,
        0,
        0,
        0
      ],
      "/Users/annalewis/turing/3module/projects/therapy_track/app/controllers/sessions_controller.rb": [
        0,
        0,
        0,
        0,
        0,
        0,
        null,
        0,
        0,
        0,
        0,
        0
      ],
      "/Users/annalewis/turing/3module/projects/therapy_track/app/controllers/home_controller.rb": [
        0,
        0,
        0,
        0
      ],
      "/Users/annalewis/turing/3module/projects/therapy_track/app/helpers/application_helper.rb": [
        0,
        0
      ],
      "/Users/annalewis/turing/3module/projects/therapy_track/app/channels/application_cable/connection.rb": [
        0,
        0,
        0,
        0
      ],
      "/Users/annalewis/turing/3module/projects/therapy_track/app/channels/application_cable/channel.rb": [
        0,
        0,
        0,
        0
      ]
    },
    "timestamp": 1519271679
  }
}
